# JRE version: OpenJDK Runtime Environment (11.0.12+7) (build 11.0.12+7-b1504.28-7817840)
# Java VM: OpenJDK 64-Bit Server VM (11.0.12+7-b1504.28-7817840, mixed mode, tiered, compressed oops, g1 gc, windows-amd64)
Heap:
 garbage-first heap   total 284672K, used 100944K [0x00000000c0000000, 0x0000000100000000)
  region size 1024K, 15 young (15360K), 4 survivors (4096K)
 Metaspace       used 98557K, capacity 101074K, committed 101344K, reserved 1136640K
  class space    used 12578K, capacity 13543K, committed 13668K, reserved 1048576K
GC Heap History (20 events):
Event: 33.087 GC heap before
{Heap before GC invocations=59 (full 0):
 garbage-first heap   total 284672K, used 216848K [0x00000000c0000000, 0x0000000100000000)
  region size 1024K, 13 young (13312K), 1 survivors (1024K)
 Metaspace       used 82450K, capacity 84533K, committed 84832K, reserved 1122304K
  class space    used 10828K, capacity 11628K, committed 11748K, reserved 1048576K
}
Event: 33.096 GC heap after
{Heap after GC invocations=60 (full 0):
 garbage-first heap   total 284672K, used 194025K [0x00000000c0000000, 0x0000000100000000)
  region size 1024K, 1 young (1024K), 1 survivors (1024K)
 Metaspace       used 82450K, capacity 84533K, committed 84832K, reserved 1122304K
  class space    used 10828K, capacity 11628K, committed 11748K, reserved 1048576K
}
Event: 33.791 GC heap before
{Heap before GC invocations=60 (full 0):
 garbage-first heap   total 284672K, used 222697K [0x00000000c0000000, 0x0000000100000000)
  region size 1024K, 30 young (30720K), 1 survivors (1024K)
 Metaspace       used 85086K, capacity 87255K, committed 87392K, reserved 1124352K
  class space    used 11157K, capacity 11980K, committed 12004K, reserved 1048576K
}
Event: 33.801 GC heap after
{Heap after GC invocations=61 (full 0):
 garbage-first heap   total 284672K, used 195767K [0x00000000c0000000, 0x0000000100000000)
  region size 1024K, 3 young (3072K), 3 survivors (3072K)
 Metaspace       used 85086K, capacity 87255K, committed 87392K, reserved 1124352K
  class space    used 11157K, capacity 11980K, committed 12004K, reserved 1048576K
}
Event: 64.729 GC heap before
{Heap before GC invocations=62 (full 0):
 garbage-first heap   total 284672K, used 227511K [0x00000000c0000000, 0x0000000100000000)
  region size 1024K, 34 young (34816K), 3 survivors (3072K)
 Metaspace       used 90234K, capacity 92589K, committed 92768K, reserved 1130496K
  class space    used 11631K, capacity 12509K, committed 12516K, reserved 1048576K
}
Event: 64.838 GC heap after
{Heap after GC invocations=63 (full 0):
 garbage-first heap   total 284672K, used 166215K [0x00000000c0000000, 0x0000000100000000)
  region size 1024K, 4 young (4096K), 4 survivors (4096K)
 Metaspace       used 90234K, capacity 92589K, committed 92768K, reserved 1130496K
  class space    used 11631K, capacity 12509K, committed 12516K, reserved 1048576K
}
Event: 281.976 GC heap before
{Heap before GC invocations=63 (full 0):
 garbage-first heap   total 284672K, used 175431K [0x00000000c0000000, 0x0000000100000000)
  region size 1024K, 13 young (13312K), 4 survivors (4096K)
 Metaspace       used 90469K, capacity 92843K, committed 93152K, reserved 1130496K
  class space    used 11636K, capacity 12518K, committed 12644K, reserved 1048576K
}
Event: 282.364 GC heap after
{Heap after GC invocations=64 (full 0):
 garbage-first heap   total 284672K, used 136759K [0x00000000c0000000, 0x0000000100000000)
  region size 1024K, 2 young (2048K), 2 survivors (2048K)
 Metaspace       used 90469K, capacity 92843K, committed 93152K, reserved 1130496K
  class space    used 11636K, capacity 12518K, committed 12644K, reserved 1048576K
}
Event: 283.622 GC heap before
{Heap before GC invocations=64 (full 0):
 garbage-first heap   total 284672K, used 148023K [0x00000000c0000000, 0x0000000100000000)
  region size 1024K, 13 young (13312K), 2 survivors (2048K)
 Metaspace       used 90689K, capacity 93033K, committed 93152K, reserved 1130496K
  class space    used 11641K, capacity 12526K, committed 12644K, reserved 1048576K
}
Event: 283.683 GC heap after
{Heap after GC invocations=65 (full 0):
 garbage-first heap   total 284672K, used 135351K [0x00000000c0000000, 0x0000000100000000)
  region size 1024K, 2 young (2048K), 2 survivors (2048K)
 Metaspace       used 90689K, capacity 93033K, committed 93152K, reserved 1130496K
  class space    used 11641K, capacity 12526K, committed 12644K, reserved 1048576K
}
Event: 284.904 GC heap before
{Heap before GC invocations=65 (full 0):
 garbage-first heap   total 284672K, used 165047K [0x00000000c0000000, 0x0000000100000000)
  region size 1024K, 32 young (32768K), 2 survivors (2048K)
 Metaspace       used 90967K, capacity 93318K, committed 93664K, reserved 1130496K
  class space    used 11644K, capacity 12532K, committed 12644K, reserved 1048576K
}
Event: 284.939 GC heap after
{Heap after GC invocations=66 (full 0):
 garbage-first heap   total 284672K, used 137689K [0x00000000c0000000, 0x0000000100000000)
  region size 1024K, 4 young (4096K), 4 survivors (4096K)
 Metaspace       used 90967K, capacity 93318K, committed 93664K, reserved 1130496K
  class space    used 11644K, capacity 12532K, committed 12644K, reserved 1048576K
}
Event: 287.320 GC heap before
{Heap before GC invocations=67 (full 0):
 garbage-first heap   total 284672K, used 167385K [0x00000000c0000000, 0x0000000100000000)
  region size 1024K, 60 young (61440K), 4 survivors (4096K)
 Metaspace       used 91402K, capacity 93785K, committed 93920K, reserved 1130496K
  class space    used 11702K, capacity 12580K, committed 12644K, reserved 1048576K
}
Event: 287.339 GC heap after
{Heap after GC invocations=68 (full 0):
 garbage-first heap   total 284672K, used 113777K [0x00000000c0000000, 0x0000000100000000)
  region size 1024K, 7 young (7168K), 7 survivors (7168K)
 Metaspace       used 91402K, capacity 93785K, committed 93920K, reserved 1130496K
  class space    used 11702K, capacity 12580K, committed 12644K, reserved 1048576K
}
Event: 287.391 GC heap before
{Heap before GC invocations=68 (full 0):
 garbage-first heap   total 284672K, used 119921K [0x00000000c0000000, 0x0000000100000000)
  region size 1024K, 13 young (13312K), 7 survivors (7168K)
 Metaspace       used 91535K, capacity 93945K, committed 94176K, reserved 1130496K
  class space    used 11717K, capacity 12612K, committed 12644K, reserved 1048576K
}
Event: 287.439 GC heap after
{Heap after GC invocations=69 (full 0):
 garbage-first heap   total 284672K, used 86955K [0x00000000c0000000, 0x0000000100000000)
  region size 1024K, 2 young (2048K), 2 survivors (2048K)
 Metaspace       used 91535K, capacity 93945K, committed 94176K, reserved 1130496K
  class space    used 11717K, capacity 12612K, committed 12644K, reserved 1048576K
}
Event: 287.685 GC heap before
{Heap before GC invocations=69 (full 0):
 garbage-first heap   total 284672K, used 97195K [0x00000000c0000000, 0x0000000100000000)
  region size 1024K, 13 young (13312K), 2 survivors (2048K)
 Metaspace       used 91815K, capacity 94214K, committed 94560K, reserved 1130496K
  class space    used 11753K, capacity 12659K, committed 12772K, reserved 1048576K
}
Event: 287.705 GC heap after
{Heap after GC invocations=70 (full 0):
 garbage-first heap   total 284672K, used 86958K [0x00000000c0000000, 0x0000000100000000)
  region size 1024K, 2 young (2048K), 2 survivors (2048K)
 Metaspace       used 91815K, capacity 94214K, committed 94560K, reserved 1130496K
  class space    used 11753K, capacity 12659K, committed 12772K, reserved 1048576K
}
Event: 289.482 GC heap before
{Heap before GC invocations=70 (full 0):
 garbage-first heap   total 284672K, used 115630K [0x00000000c0000000, 0x0000000100000000)
  region size 1024K, 32 young (32768K), 2 survivors (2048K)
 Metaspace       used 98396K, capacity 100898K, committed 101088K, reserved 1136640K
  class space    used 12573K, capacity 13549K, committed 13668K, reserved 1048576K
}
Event: 289.493 GC heap after
{Heap after GC invocations=71 (full 0):
 garbage-first heap   total 284672K, used 88656K [0x00000000c0000000, 0x0000000100000000)
  region size 1024K, 4 young (4096K), 4 survivors (4096K)
 Metaspace       used 98396K, capacity 100898K, committed 101088K, reserved 1136640K
  class space    used 12573K, capacity 13549K, committed 13668K, reserved 1048576K
}

