# JRE version: OpenJDK Runtime Environment (11.0.12+7) (build 11.0.12+7-b1504.28-7817840)
# Java VM: OpenJDK 64-Bit Server VM (11.0.12+7-b1504.28-7817840, mixed mode, tiered, compressed oops, g1 gc, windows-amd64)
Heap:
 garbage-first heap   total 578560K, used 241233K [0x00000000c0000000, 0x0000000100000000)
  region size 1024K, 3 young (3072K), 3 survivors (3072K)
 Metaspace       used 132366K, capacity 135945K, committed 137040K, reserved 1169408K
  class space    used 15865K, capacity 17203K, committed 17408K, reserved 1048576K
GC Heap History (20 events):
Event: 12892.251 GC heap after
{Heap after GC invocations=343 (full 0):
 garbage-first heap   total 467968K, used 158935K [0x00000000c0000000, 0x0000000100000000)
  region size 1024K, 2 young (2048K), 2 survivors (2048K)
 Metaspace       used 132856K, capacity 136402K, committed 136656K, reserved 1169408K
  class space    used 15928K, capacity 17275K, committed 17280K, reserved 1048576K
}
Event: 12892.659 GC heap before
{Heap before GC invocations=343 (full 0):
 garbage-first heap   total 467968K, used 218327K [0x00000000c0000000, 0x0000000100000000)
  region size 1024K, 60 young (61440K), 2 survivors (2048K)
 Metaspace       used 133199K, capacity 136818K, committed 137040K, reserved 1169408K
  class space    used 15956K, capacity 17307K, committed 17408K, reserved 1048576K
}
Event: 12892.677 GC heap after
{Heap after GC invocations=344 (full 0):
 garbage-first heap   total 467968K, used 159940K [0x00000000c0000000, 0x0000000100000000)
  region size 1024K, 3 young (3072K), 3 survivors (3072K)
 Metaspace       used 133199K, capacity 136818K, committed 137040K, reserved 1169408K
  class space    used 15956K, capacity 17307K, committed 17408K, reserved 1048576K
}
Event: 12893.445 GC heap before
{Heap before GC invocations=345 (full 0):
 garbage-first heap   total 467968K, used 245956K [0x00000000c0000000, 0x0000000100000000)
  region size 1024K, 87 young (89088K), 3 survivors (3072K)
 Metaspace       used 133216K, capacity 136819K, committed 137040K, reserved 1169408K
  class space    used 15956K, capacity 17307K, committed 17408K, reserved 1048576K
}
Event: 12893.472 GC heap after
{Heap after GC invocations=346 (full 0):
 garbage-first heap   total 467968K, used 162501K [0x00000000c0000000, 0x0000000100000000)
  region size 1024K, 5 young (5120K), 5 survivors (5120K)
 Metaspace       used 133216K, capacity 136819K, committed 137040K, reserved 1169408K
  class space    used 15956K, capacity 17307K, committed 17408K, reserved 1048576K
}
Event: 12893.750 GC heap before
{Heap before GC invocations=346 (full 0):
 garbage-first heap   total 467968K, used 179909K [0x00000000c0000000, 0x0000000100000000)
  region size 1024K, 22 young (22528K), 5 survivors (5120K)
 Metaspace       used 133217K, capacity 136819K, committed 137040K, reserved 1169408K
  class space    used 15956K, capacity 17307K, committed 17408K, reserved 1048576K
}
Event: 12893.803 GC heap after
{Heap after GC invocations=347 (full 0):
 garbage-first heap   total 467968K, used 159181K [0x00000000c0000000, 0x0000000100000000)
  region size 1024K, 2 young (2048K), 2 survivors (2048K)
 Metaspace       used 133217K, capacity 136819K, committed 137040K, reserved 1169408K
  class space    used 15956K, capacity 17307K, committed 17408K, reserved 1048576K
}
Event: 12894.894 GC heap before
{Heap before GC invocations=347 (full 0):
 garbage-first heap   total 467968K, used 263629K [0x00000000c0000000, 0x0000000100000000)
  region size 1024K, 105 young (107520K), 2 survivors (2048K)
 Metaspace       used 133253K, capacity 136884K, committed 137040K, reserved 1169408K
  class space    used 15956K, capacity 17307K, committed 17408K, reserved 1048576K
}
Event: 12894.913 GC heap after
{Heap after GC invocations=348 (full 0):
 garbage-first heap   total 467968K, used 161555K [0x00000000c0000000, 0x0000000100000000)
  region size 1024K, 4 young (4096K), 4 survivors (4096K)
 Metaspace       used 133253K, capacity 136884K, committed 137040K, reserved 1169408K
  class space    used 15956K, capacity 17307K, committed 17408K, reserved 1048576K
}
Event: 12895.992 GC heap before
{Heap before GC invocations=349 (full 0):
 garbage-first heap   total 467968K, used 337683K [0x00000000c0000000, 0x0000000100000000)
  region size 1024K, 148 young (151552K), 4 survivors (4096K)
 Metaspace       used 133264K, capacity 136891K, committed 137040K, reserved 1169408K
  class space    used 15957K, capacity 17308K, committed 17408K, reserved 1048576K
}
Event: 12896.283 GC heap after
{Heap after GC invocations=350 (full 0):
 garbage-first heap   total 467968K, used 240468K [0x00000000c0000000, 0x0000000100000000)
  region size 1024K, 19 young (19456K), 19 survivors (19456K)
 Metaspace       used 133264K, capacity 136891K, committed 137040K, reserved 1169408K
  class space    used 15957K, capacity 17308K, committed 17408K, reserved 1048576K
}
Event: 12896.345 GC heap before
{Heap before GC invocations=350 (full 0):
 garbage-first heap   total 467968K, used 243540K [0x00000000c0000000, 0x0000000100000000)
  region size 1024K, 22 young (22528K), 19 survivors (19456K)
 Metaspace       used 133264K, capacity 136891K, committed 137040K, reserved 1169408K
  class space    used 15957K, capacity 17308K, committed 17408K, reserved 1048576K
}
Event: 12896.542 GC heap after
{Heap after GC invocations=351 (full 0):
 garbage-first heap   total 467968K, used 237568K [0x00000000c0000000, 0x0000000100000000)
  region size 1024K, 3 young (3072K), 3 survivors (3072K)
 Metaspace       used 133264K, capacity 136891K, committed 137040K, reserved 1169408K
  class space    used 15957K, capacity 17308K, committed 17408K, reserved 1048576K
}
Event: 12896.656 GC heap before
{Heap before GC invocations=351 (full 0):
 garbage-first heap   total 467968K, used 250880K [0x00000000c0000000, 0x0000000100000000)
  region size 1024K, 17 young (17408K), 3 survivors (3072K)
 Metaspace       used 133264K, capacity 136891K, committed 137040K, reserved 1169408K
  class space    used 15957K, capacity 17308K, committed 17408K, reserved 1048576K
}
Event: 12896.685 GC heap after
{Heap after GC invocations=352 (full 0):
 garbage-first heap   total 467968K, used 240083K [0x00000000c0000000, 0x0000000100000000)
  region size 1024K, 5 young (5120K), 5 survivors (5120K)
 Metaspace       used 133264K, capacity 136891K, committed 137040K, reserved 1169408K
  class space    used 15957K, capacity 17308K, committed 17408K, reserved 1048576K
}
Event: 12897.813 GC heap before
{Heap before GC invocations=353 (full 0):
 garbage-first heap   total 467968K, used 299987K [0x00000000c0000000, 0x0000000100000000)
  region size 1024K, 54 young (55296K), 5 survivors (5120K)
 Metaspace       used 132366K, capacity 135945K, committed 137040K, reserved 1169408K
  class space    used 15865K, capacity 17203K, committed 17408K, reserved 1048576K
}
Event: 12897.872 GC heap after
{Heap after GC invocations=354 (full 0):
 garbage-first heap   total 467968K, used 257280K [0x00000000c0000000, 0x0000000100000000)
  region size 1024K, 7 young (7168K), 7 survivors (7168K)
 Metaspace       used 132366K, capacity 135945K, committed 137040K, reserved 1169408K
  class space    used 15865K, capacity 17203K, committed 17408K, reserved 1048576K
}
Event: 12897.916 GC heap before
{Heap before GC invocations=354 (full 0):
 garbage-first heap   total 467968K, used 272640K [0x00000000c0000000, 0x0000000100000000)
  region size 1024K, 22 young (22528K), 7 survivors (7168K)
 Metaspace       used 132366K, capacity 135945K, committed 137040K, reserved 1169408K
  class space    used 15865K, capacity 17203K, committed 17408K, reserved 1048576K
}
Event: 12897.972 GC heap after
{Heap after GC invocations=355 (full 0):
 garbage-first heap   total 467968K, used 248216K [0x00000000c0000000, 0x0000000100000000)
  region size 1024K, 3 young (3072K), 3 survivors (3072K)
 Metaspace       used 132366K, capacity 135945K, committed 137040K, reserved 1169408K
  class space    used 15865K, capacity 17203K, committed 17408K, reserved 1048576K
}
Event: 12898.002 GC heap before
{Heap before GC invocations=355 (full 0):
 garbage-first heap   total 467968K, used 267672K [0x00000000c0000000, 0x0000000100000000)
  region size 1024K, 22 young (22528K), 3 survivors (3072K)
 Metaspace       used 132366K, capacity 135945K, committed 137040K, reserved 1169408K
  class space    used 15865K, capacity 17203K, committed 17408K, reserved 1048576K
}

