# JRE version: OpenJDK Runtime Environment (11.0.12+7) (build 11.0.12+7-b1504.28-7817840)
# Java VM: OpenJDK 64-Bit Server VM (11.0.12+7-b1504.28-7817840, mixed mode, tiered, compressed oops, g1 gc, windows-amd64)
Heap:
 garbage-first heap   total 247808K, used 93443K [0x00000000c0000000, 0x0000000100000000)
  region size 1024K, 8 young (8192K), 8 survivors (8192K)
 Metaspace       used 90194K, capacity 92539K, committed 92752K, reserved 1130496K
  class space    used 11422K, capacity 12239K, committed 12288K, reserved 1048576K
GC Heap History (20 events):
Event: 29.795 GC heap after
{Heap after GC invocations=45 (full 0):
 garbage-first heap   total 165888K, used 93554K [0x00000000c0000000, 0x0000000100000000)
  region size 1024K, 4 young (4096K), 4 survivors (4096K)
 Metaspace       used 86192K, capacity 88431K, committed 88656K, reserved 1126400K
  class space    used 10886K, capacity 11689K, committed 11776K, reserved 1048576K
}
Event: 30.279 GC heap before
{Heap before GC invocations=45 (full 0):
 garbage-first heap   total 165888K, used 132466K [0x00000000c0000000, 0x0000000100000000)
  region size 1024K, 42 young (43008K), 4 survivors (4096K)
 Metaspace       used 86411K, capacity 88634K, committed 88912K, reserved 1126400K
  class space    used 10886K, capacity 11689K, committed 11776K, reserved 1048576K
}
Event: 30.299 GC heap after
{Heap after GC invocations=46 (full 0):
 garbage-first heap   total 165888K, used 94875K [0x00000000c0000000, 0x0000000100000000)
  region size 1024K, 3 young (3072K), 3 survivors (3072K)
 Metaspace       used 86411K, capacity 88634K, committed 88912K, reserved 1126400K
  class space    used 10886K, capacity 11689K, committed 11776K, reserved 1048576K
}
Event: 30.867 GC heap before
{Heap before GC invocations=47 (full 0):
 garbage-first heap   total 165888K, used 133787K [0x00000000c0000000, 0x0000000100000000)
  region size 1024K, 41 young (41984K), 3 survivors (3072K)
 Metaspace       used 86554K, capacity 88769K, committed 88912K, reserved 1126400K
  class space    used 10886K, capacity 11689K, committed 11776K, reserved 1048576K
}
Event: 30.884 GC heap after
{Heap after GC invocations=48 (full 0):
 garbage-first heap   total 165888K, used 96000K [0x00000000c0000000, 0x0000000100000000)
  region size 1024K, 4 young (4096K), 4 survivors (4096K)
 Metaspace       used 86554K, capacity 88769K, committed 88912K, reserved 1126400K
  class space    used 10886K, capacity 11689K, committed 11776K, reserved 1048576K
}
Event: 31.611 GC heap before
{Heap before GC invocations=48 (full 0):
 garbage-first heap   total 165888K, used 134912K [0x00000000c0000000, 0x0000000100000000)
  region size 1024K, 43 young (44032K), 4 survivors (4096K)
 Metaspace       used 86907K, capacity 89111K, committed 89168K, reserved 1126400K
  class space    used 10925K, capacity 11739K, committed 11776K, reserved 1048576K
}
Event: 31.639 GC heap after
{Heap after GC invocations=49 (full 0):
 garbage-first heap   total 199680K, used 99836K [0x00000000c0000000, 0x0000000100000000)
  region size 1024K, 6 young (6144K), 6 survivors (6144K)
 Metaspace       used 86907K, capacity 89111K, committed 89168K, reserved 1126400K
  class space    used 10925K, capacity 11739K, committed 11776K, reserved 1048576K
}
Event: 32.934 GC heap before
{Heap before GC invocations=50 (full 0):
 garbage-first heap   total 199680K, used 151036K [0x00000000c0000000, 0x0000000100000000)
  region size 1024K, 57 young (58368K), 6 survivors (6144K)
 Metaspace       used 87146K, capacity 89402K, committed 89424K, reserved 1126400K
  class space    used 10954K, capacity 11760K, committed 11776K, reserved 1048576K
}
Event: 32.977 GC heap after
{Heap after GC invocations=51 (full 0):
 garbage-first heap   total 199680K, used 103168K [0x00000000c0000000, 0x0000000100000000)
  region size 1024K, 7 young (7168K), 7 survivors (7168K)
 Metaspace       used 87146K, capacity 89402K, committed 89424K, reserved 1126400K
  class space    used 10954K, capacity 11760K, committed 11776K, reserved 1048576K
}
Event: 33.010 GC heap before
{Heap before GC invocations=51 (full 0):
 garbage-first heap   total 199680K, used 104192K [0x00000000c0000000, 0x0000000100000000)
  region size 1024K, 9 young (9216K), 7 survivors (7168K)
 Metaspace       used 87148K, capacity 89402K, committed 89424K, reserved 1126400K
  class space    used 10954K, capacity 11760K, committed 11776K, reserved 1048576K
}
Event: 33.043 GC heap after
{Heap after GC invocations=52 (full 0):
 garbage-first heap   total 199680K, used 102000K [0x00000000c0000000, 0x0000000100000000)
  region size 1024K, 1 young (1024K), 1 survivors (1024K)
 Metaspace       used 87148K, capacity 89402K, committed 89424K, reserved 1126400K
  class space    used 10954K, capacity 11760K, committed 11776K, reserved 1048576K
}
Event: 33.588 GC heap before
{Heap before GC invocations=52 (full 0):
 garbage-first heap   total 199680K, used 154224K [0x00000000c0000000, 0x0000000100000000)
  region size 1024K, 53 young (54272K), 1 survivors (1024K)
 Metaspace       used 87650K, capacity 89854K, committed 90064K, reserved 1128448K
  class space    used 11013K, capacity 11803K, committed 11904K, reserved 1048576K
}
Event: 33.595 GC heap after
{Heap after GC invocations=53 (full 0):
 garbage-first heap   total 199680K, used 102860K [0x00000000c0000000, 0x0000000100000000)
  region size 1024K, 2 young (2048K), 2 survivors (2048K)
 Metaspace       used 87650K, capacity 89854K, committed 90064K, reserved 1128448K
  class space    used 11013K, capacity 11803K, committed 11904K, reserved 1048576K
}
Event: 33.828 GC heap before
{Heap before GC invocations=53 (full 0):
 garbage-first heap   total 199680K, used 159180K [0x00000000c0000000, 0x0000000100000000)
  region size 1024K, 58 young (59392K), 2 survivors (2048K)
 Metaspace       used 87655K, capacity 89854K, committed 90064K, reserved 1128448K
  class space    used 11013K, capacity 11803K, committed 11904K, reserved 1048576K
}
Event: 33.833 GC heap after
{Heap after GC invocations=54 (full 0):
 garbage-first heap   total 199680K, used 103638K [0x00000000c0000000, 0x0000000100000000)
  region size 1024K, 3 young (3072K), 3 survivors (3072K)
 Metaspace       used 87655K, capacity 89854K, committed 90064K, reserved 1128448K
  class space    used 11013K, capacity 11803K, committed 11904K, reserved 1048576K
}
Event: 34.161 GC heap before
{Heap before GC invocations=55 (full 0):
 garbage-first heap   total 199680K, used 159958K [0x00000000c0000000, 0x0000000100000000)
  region size 1024K, 59 young (60416K), 3 survivors (3072K)
 Metaspace       used 86744K, capacity 88888K, committed 90064K, reserved 1128448K
  class space    used 10917K, capacity 11691K, committed 11904K, reserved 1048576K
}
Event: 34.168 GC heap after
{Heap after GC invocations=56 (full 0):
 garbage-first heap   total 199680K, used 104786K [0x00000000c0000000, 0x0000000100000000)
  region size 1024K, 4 young (4096K), 4 survivors (4096K)
 Metaspace       used 86744K, capacity 88888K, committed 90064K, reserved 1128448K
  class space    used 10917K, capacity 11691K, committed 11904K, reserved 1048576K
}
Event: 34.186 GC heap before
{Heap before GC invocations=56 (full 0):
 garbage-first heap   total 199680K, used 108882K [0x00000000c0000000, 0x0000000100000000)
  region size 1024K, 9 young (9216K), 4 survivors (4096K)
 Metaspace       used 86744K, capacity 88888K, committed 90064K, reserved 1128448K
  class space    used 10917K, capacity 11691K, committed 11904K, reserved 1048576K
}
Event: 34.208 GC heap after
{Heap after GC invocations=57 (full 0):
 garbage-first heap   total 199680K, used 82525K [0x00000000c0000000, 0x0000000100000000)
  region size 1024K, 1 young (1024K), 1 survivors (1024K)
 Metaspace       used 86744K, capacity 88888K, committed 90064K, reserved 1128448K
  class space    used 10917K, capacity 11691K, committed 11904K, reserved 1048576K
}
Event: 35.014 GC heap before
{Heap before GC invocations=57 (full 0):
 garbage-first heap   total 199680K, used 149085K [0x00000000c0000000, 0x0000000100000000)
  region size 1024K, 64 young (65536K), 1 survivors (1024K)
 Metaspace       used 90194K, capacity 92539K, committed 92752K, reserved 1130496K
  class space    used 11422K, capacity 12239K, committed 12288K, reserved 1048576K
}

